This file contains any messages produced by compilers while
running configure, to aid debugging if configure makes a mistake.

It was created by configure, which was
generated by GNU Autoconf 2.69.  Invocation command line was

  $ ./configure --build=x86_64-pc-linux-gnu --host=arm-linux-eabi

## --------- ##
## Platform. ##
## --------- ##

hostname = HAF
uname -m = x86_64
uname -r = 5.0.0-25-generic
uname -s = Linux
uname -v = #26~18.04.1-Ubuntu SMP Thu Aug 1 13:51:02 UTC 2019

/usr/bin/uname -p = unknown
/bin/uname -X     = unknown

/bin/arch              = unknown
/usr/bin/arch -k       = unknown
/usr/convex/getsysinfo = unknown
/usr/bin/hostinfo      = unknown
/bin/machine           = unknown
/usr/bin/oslevel       = unknown
/bin/universe          = unknown

PATH: /usr/local/sbin
PATH: /usr/local/bin
PATH: /usr/sbin
PATH: /usr/bin
PATH: /sbin
PATH: /bin
PATH: /usr/games
PATH: /usr/local/games
PATH: /snap/bin


## ----------- ##
## Core tests. ##
## ----------- ##

configure:2505: checking build system type
configure:2519: result: x86_64-pc-linux-gnu
configure:2539: checking host system type
configure:2552: result: arm-linux-eabi
configure:2572: checking target system type
configure:2585: result: arm-linux-eabi
configure:2648: checking for a BSD-compatible install
configure:2716: result: /usr/bin/install -c
configure:2727: checking whether build environment is sane
configure:2782: result: yes
configure:2841: checking for arm-linux-eabi-strip
configure:2871: result: no
configure:2881: checking for strip
configure:2897: found /usr/bin/strip
configure:2908: result: strip
configure:2920: WARNING: using cross tools not prefixed with host triplet
configure:2933: checking for a thread-safe mkdir -p
configure:2972: result: /bin/mkdir -p
configure:2979: checking for gawk
configure:3009: result: no
configure:2979: checking for mawk
configure:2995: found /usr/bin/mawk
configure:3006: result: mawk
configure:3017: checking whether make sets $(MAKE)
configure:3039: result: yes
configure:3068: checking whether make supports nested variables
configure:3085: result: yes
configure:3204: checking whether to enable maintainer-specific portions of Makefiles
configure:3213: result: no
configure:3236: checking for arm-linux-eabi-gcc
configure:3266: result: no
configure:3276: checking for gcc
configure:3292: found /usr/bin/gcc
configure:3303: result: gcc
configure:3532: checking for C compiler version
configure:3541: gcc --version >&5
gcc (Ubuntu 7.4.0-1ubuntu1~18.04.1) 7.4.0
Copyright (C) 2017 Free Software Foundation, Inc.
This is free software; see the source for copying conditions.  There is NO
warranty; not even for MERCHANTABILITY or FITNESS FOR A PARTICULAR PURPOSE.

configure:3552: $? = 0
configure:3541: gcc -v >&5
Using built-in specs.
COLLECT_GCC=gcc
COLLECT_LTO_WRAPPER=/usr/lib/gcc/x86_64-linux-gnu/7/lto-wrapper
OFFLOAD_TARGET_NAMES=nvptx-none
OFFLOAD_TARGET_DEFAULT=1
Target: x86_64-linux-gnu
Configured with: ../src/configure -v --with-pkgversion='Ubuntu 7.4.0-1ubuntu1~18.04.1' --with-bugurl=file:///usr/share/doc/gcc-7/README.Bugs --enable-languages=c,ada,c++,go,brig,d,fortran,objc,obj-c++ --prefix=/usr --with-gcc-major-version-only --program-suffix=-7 --program-prefix=x86_64-linux-gnu- --enable-shared --enable-linker-build-id --libexecdir=/usr/lib --without-included-gettext --enable-threads=posix --libdir=/usr/lib --enable-nls --with-sysroot=/ --enable-clocale=gnu --enable-libstdcxx-debug --enable-libstdcxx-time=yes --with-default-libstdcxx-abi=new --enable-gnu-unique-object --disable-vtable-verify --enable-libmpx --enable-plugin --enable-default-pie --with-system-zlib --with-target-system-zlib --enable-objc-gc=auto --enable-multiarch --disable-werror --with-arch-32=i686 --with-abi=m64 --with-multilib-list=m32,m64,mx32 --enable-multilib --with-tune=generic --enable-offload-targets=nvptx-none --without-cuda-driver --enable-checking=release --build=x86_64-linux-gnu --host=x86_64-linux-gnu --target=x86_64-linux-gnu
Thread model: posix
gcc version 7.4.0 (Ubuntu 7.4.0-1ubuntu1~18.04.1) 
configure:3552: $? = 0
configure:3541: gcc -V >&5
gcc: error: unrecognized command line option '-V'
gcc: fatal error: no input files
compilation terminated.
configure:3552: $? = 1
configure:3541: gcc -qversion >&5
gcc: error: unrecognized command line option '-qversion'; did you mean '--version'?
gcc: fatal error: no input files
compilation terminated.
configure:3552: $? = 1
configure:3572: checking whether the C compiler works
configure:3594: gcc    conftest.c  >&5
configure:3598: $? = 0
configure:3646: result: yes
configure:3649: checking for C compiler default output file name
configure:3651: result: a.out
configure:3657: checking for suffix of executables
configure:3664: gcc -o conftest    conftest.c  >&5
configure:3668: $? = 0
configure:3690: result: 
configure:3712: checking whether we are cross compiling
configure:3750: result: yes
configure:3755: checking for suffix of object files
configure:3777: gcc -c   conftest.c >&5
configure:3781: $? = 0
configure:3802: result: o
configure:3806: checking whether we are using the GNU C compiler
configure:3825: gcc -c   conftest.c >&5
configure:3825: $? = 0
configure:3834: result: yes
configure:3843: checking whether gcc accepts -g
configure:3863: gcc -c -g  conftest.c >&5
configure:3863: $? = 0
configure:3904: result: yes
configure:3921: checking for gcc option to accept ISO C89
configure:3984: gcc  -c -g -O2  conftest.c >&5
configure:3984: $? = 0
configure:3997: result: none needed
configure:4022: checking whether gcc understands -c and -o together
configure:4044: gcc -c conftest.c -o conftest2.o
configure:4047: $? = 0
configure:4044: gcc -c conftest.c -o conftest2.o
configure:4047: $? = 0
configure:4059: result: yes
configure:4079: checking whether make supports the include directive
configure:4094: make -f confmf.GNU && cat confinc.out
this is the am__doit target
configure:4097: $? = 0
configure:4116: result: yes (GNU style)
configure:4141: checking dependency style of gcc
configure:4252: result: gcc3
configure:4626: checking how to print strings
configure:4653: result: printf
configure:4674: checking for a sed that does not truncate output
configure:4738: result: /bin/sed
configure:4756: checking for grep that handles long lines and -e
configure:4814: result: /bin/grep
configure:4819: checking for egrep
configure:4881: result: /bin/grep -E
configure:4886: checking for fgrep
configure:4948: result: /bin/grep -F
configure:4983: checking for ld used by gcc
configure:5050: result: /usr/bin/ld
configure:5057: checking if the linker (/usr/bin/ld) is GNU ld
configure:5072: result: yes
configure:5084: checking for BSD- or MS-compatible name lister (nm)
configure:5138: result: no
configure:5152: checking for arm-linux-eabi-dumpbin
configure:5182: result: no
configure:5152: checking for arm-linux-eabi-link
configure:5182: result: no
configure:5196: checking for dumpbin
configure:5226: result: no
configure:5196: checking for link
configure:5212: found /usr/bin/link
configure:5223: result: link -dump
configure:5268: checking the name lister (nm) interface
configure:5275: gcc -c -g -O2  conftest.c >&5
configure:5278: nm "conftest.o"
configure:5281: output
0000000000000000 B some_variable
configure:5288: result: BSD nm
configure:5291: checking whether ln -s works
configure:5295: result: yes
configure:5303: checking the maximum length of command line arguments
configure:5434: result: 1572864
configure:5482: checking how to convert x86_64-pc-linux-gnu file names to arm-linux-eabi format
configure:5522: result: func_convert_file_noop
configure:5529: checking how to convert x86_64-pc-linux-gnu file names to toolchain format
configure:5549: result: func_convert_file_noop
configure:5556: checking for /usr/bin/ld option to reload object files
configure:5563: result: -r
configure:5597: checking for arm-linux-eabi-objdump
configure:5624: result: objdump
configure:5693: checking how to recognize dependent libraries
configure:5893: result: unknown
configure:5938: checking for arm-linux-eabi-dlltool
configure:5965: result: dlltool
configure:6035: checking how to associate runtime and link libraries
configure:6062: result: printf %s\n
configure:6079: checking for arm-linux-eabi-ar
configure:6109: result: no
configure:6123: checking for ar
configure:6139: found /usr/bin/ar
configure:6150: result: ar
configure:6187: checking for archiver @FILE support
configure:6204: gcc -c -g -O2  conftest.c >&5
configure:6204: $? = 0
configure:6207: ar cru libconftest.a @conftest.lst >&5
ar: `u' modifier ignored since `D' is the default (see `U')
configure:6210: $? = 0
configure:6215: ar cru libconftest.a @conftest.lst >&5
ar: `u' modifier ignored since `D' is the default (see `U')
ar: conftest.o: No such file or directory
configure:6218: $? = 1
configure:6230: result: @
configure:6248: checking for arm-linux-eabi-strip
configure:6275: result: strip
configure:6347: checking for arm-linux-eabi-ranlib
configure:6377: result: no
configure:6387: checking for ranlib
configure:6403: found /usr/bin/ranlib
configure:6414: result: ranlib
configure:6516: checking command to parse nm output from gcc object
configure:6669: gcc -c -g -O2  conftest.c >&5
configure:6672: $? = 0
configure:6676: nm conftest.o \| sed -n -e 's/^.*[ ]\([ABCDGIRSTW][ABCDGIRSTW]*\)[ ][ ]*\([_A-Za-z][_A-Za-z0-9]*\)$/\1 \2 \2/p' | sed '/ __gnu_lto/d' \> conftest.nm
configure:6679: $? = 0
configure:6745: gcc -o conftest -g -O2   conftest.c conftstm.o >&5
configure:6748: $? = 0
configure:6786: result: ok
configure:6833: checking for sysroot
configure:6863: result: no
configure:6870: checking for a working dd
configure:6908: result: /bin/dd
configure:6912: checking how to truncate binary pipes
configure:6927: result: /bin/dd bs=4096 count=1
configure:7216: checking for arm-linux-eabi-mt
configure:7246: result: no
configure:7256: checking for mt
configure:7272: found /bin/mt
configure:7283: result: mt
configure:7306: checking if mt is a manifest tool
configure:7312: mt '-?'
configure:7320: result: no
configure:7997: checking how to run the C preprocessor
configure:8028: gcc -E  conftest.c
configure:8028: $? = 0
configure:8042: gcc -E  conftest.c
conftest.c:10:10: fatal error: ac_nonexistent.h: No such file or directory
 #include <ac_nonexistent.h>
          ^~~~~~~~~~~~~~~~~~
compilation terminated.
configure:8042: $? = 1
configure: failed program was:
| /* confdefs.h */
| #define PACKAGE_NAME ""
| #define PACKAGE_TARNAME ""
| #define PACKAGE_VERSION ""
| #define PACKAGE_STRING ""
| #define PACKAGE_BUGREPORT ""
| #define PACKAGE_URL ""
| #define USE_UNSTABLE_GEOS_CPP_API 1
| /* end confdefs.h.  */
| #include <ac_nonexistent.h>
configure:8067: result: gcc -E
configure:8087: gcc -E  conftest.c
configure:8087: $? = 0
configure:8101: gcc -E  conftest.c
conftest.c:10:10: fatal error: ac_nonexistent.h: No such file or directory
 #include <ac_nonexistent.h>
          ^~~~~~~~~~~~~~~~~~
compilation terminated.
configure:8101: $? = 1
configure: failed program was:
| /* confdefs.h */
| #define PACKAGE_NAME ""
| #define PACKAGE_TARNAME ""
| #define PACKAGE_VERSION ""
| #define PACKAGE_STRING ""
| #define PACKAGE_BUGREPORT ""
| #define PACKAGE_URL ""
| #define USE_UNSTABLE_GEOS_CPP_API 1
| /* end confdefs.h.  */
| #include <ac_nonexistent.h>
configure:8130: checking for ANSI C header files
configure:8150: gcc -c -g -O2  conftest.c >&5
configure:8150: $? = 0
configure:8234: result: yes
configure:8247: checking for sys/types.h
configure:8247: gcc -c -g -O2  conftest.c >&5
configure:8247: $? = 0
configure:8247: result: yes
configure:8247: checking for sys/stat.h
configure:8247: gcc -c -g -O2  conftest.c >&5
configure:8247: $? = 0
configure:8247: result: yes
configure:8247: checking for stdlib.h
configure:8247: gcc -c -g -O2  conftest.c >&5
configure:8247: $? = 0
configure:8247: result: yes
configure:8247: checking for string.h
configure:8247: gcc -c -g -O2  conftest.c >&5
configure:8247: $? = 0
configure:8247: result: yes
configure:8247: checking for memory.h
configure:8247: gcc -c -g -O2  conftest.c >&5
configure:8247: $? = 0
configure:8247: result: yes
configure:8247: checking for strings.h
configure:8247: gcc -c -g -O2  conftest.c >&5
configure:8247: $? = 0
configure:8247: result: yes
configure:8247: checking for inttypes.h
configure:8247: gcc -c -g -O2  conftest.c >&5
configure:8247: $? = 0
configure:8247: result: yes
configure:8247: checking for stdint.h
configure:8247: gcc -c -g -O2  conftest.c >&5
configure:8247: $? = 0
configure:8247: result: yes
configure:8247: checking for unistd.h
configure:8247: gcc -c -g -O2  conftest.c >&5
configure:8247: $? = 0
configure:8247: result: yes
configure:8261: checking for dlfcn.h
configure:8261: gcc -c -g -O2  conftest.c >&5
configure:8261: $? = 0
configure:8261: result: yes
configure:8513: checking for objdir
configure:8528: result: .libs
configure:8792: checking if gcc supports -fno-rtti -fno-exceptions
configure:8810: gcc -c -g -O2  -fno-rtti -fno-exceptions conftest.c >&5
cc1: warning: command line option '-fno-rtti' is valid for C++/ObjC++ but not for C
configure:8814: $? = 0
configure:8827: result: no
configure:9185: checking for gcc option to produce PIC
configure:9192: result: -fPIC -DPIC
configure:9200: checking if gcc PIC flag -fPIC -DPIC works
configure:9218: gcc -c -g -O2  -fPIC -DPIC -DPIC conftest.c >&5
configure:9222: $? = 0
configure:9235: result: yes
configure:9264: checking if gcc static flag -static works
configure:9292: result: yes
configure:9307: checking if gcc supports -c -o file.o
configure:9328: gcc -c -g -O2  -o out/conftest2.o conftest.c >&5
configure:9332: $? = 0
configure:9354: result: yes
configure:9362: checking if gcc supports -c -o file.o
configure:9409: result: yes
configure:9442: checking whether the gcc linker (/usr/bin/ld) supports shared libraries
configure:10701: result: yes
configure:10738: checking whether -lc should be explicitly linked in
configure:10746: gcc -c -g -O2  conftest.c >&5
configure:10749: $? = 0
configure:10764: gcc -shared  -fPIC -DPIC conftest.o  -v -Wl,-soname -Wl,conftest -o conftest 2\>\&1 \| /bin/grep  -lc  \>/dev/null 2\>\&1
configure:10767: $? = 0
configure:10781: result: no
configure:10941: checking dynamic linker characteristics
configure:11759: result: no
configure:11881: checking how to hardcode library paths into programs
configure:11906: result: immediate
configure:12008: checking for shl_load
configure:12008: gcc -o conftest -g -O2   conftest.c  >&5
/tmp/ccYp50rj.o: In function `main':
/home/sevar/workspace/android-spatialite/lib/src/main/jni/ndk-modules/geos/geos-3.7.2/conftest.c:56: undefined reference to `shl_load'
collect2: error: ld returned 1 exit status
configure:12008: $? = 1
configure: failed program was:
| /* confdefs.h */
| #define PACKAGE_NAME ""
| #define PACKAGE_TARNAME ""
| #define PACKAGE_VERSION ""
| #define PACKAGE_STRING ""
| #define PACKAGE_BUGREPORT ""
| #define PACKAGE_URL ""
| #define USE_UNSTABLE_GEOS_CPP_API 1
| #define STDC_HEADERS 1
| #define HAVE_SYS_TYPES_H 1
| #define HAVE_SYS_STAT_H 1
| #define HAVE_STDLIB_H 1
| #define HAVE_STRING_H 1
| #define HAVE_MEMORY_H 1
| #define HAVE_STRINGS_H 1
| #define HAVE_INTTYPES_H 1
| #define HAVE_STDINT_H 1
| #define HAVE_UNISTD_H 1
| #define HAVE_DLFCN_H 1
| #define LT_OBJDIR ".libs/"
| /* end confdefs.h.  */
| /* Define shl_load to an innocuous variant, in case <limits.h> declares shl_load.
|    For example, HP-UX 11i <limits.h> declares gettimeofday.  */
| #define shl_load innocuous_shl_load
| 
| /* System header to define __stub macros and hopefully few prototypes,
|     which can conflict with char shl_load (); below.
|     Prefer <limits.h> to <assert.h> if __STDC__ is defined, since
|     <limits.h> exists even on freestanding compilers.  */
| 
| #ifdef __STDC__
| # include <limits.h>
| #else
| # include <assert.h>
| #endif
| 
| #undef shl_load
| 
| /* Override any GCC internal prototype to avoid an error.
|    Use char because int might match the return type of a GCC
|    builtin and then its argument prototype would still apply.  */
| #ifdef __cplusplus
| extern "C"
| #endif
| char shl_load ();
| /* The GNU C library defines this for functions which it implements
|     to always fail with ENOSYS.  Some functions are actually named
|     something starting with __ and the normal name is an alias.  */
| #if defined __stub_shl_load || defined __stub___shl_load
| choke me
| #endif
| 
| int
| main ()
| {
| return shl_load ();
|   ;
|   return 0;
| }
configure:12008: result: no
configure:12012: checking for shl_load in -ldld
configure:12037: gcc -o conftest -g -O2   conftest.c -ldld   >&5
/usr/bin/ld: cannot find -ldld
collect2: error: ld returned 1 exit status
configure:12037: $? = 1
configure: failed program was:
| /* confdefs.h */
| #define PACKAGE_NAME ""
| #define PACKAGE_TARNAME ""
| #define PACKAGE_VERSION ""
| #define PACKAGE_STRING ""
| #define PACKAGE_BUGREPORT ""
| #define PACKAGE_URL ""
| #define USE_UNSTABLE_GEOS_CPP_API 1
| #define STDC_HEADERS 1
| #define HAVE_SYS_TYPES_H 1
| #define HAVE_SYS_STAT_H 1
| #define HAVE_STDLIB_H 1
| #define HAVE_STRING_H 1
| #define HAVE_MEMORY_H 1
| #define HAVE_STRINGS_H 1
| #define HAVE_INTTYPES_H 1
| #define HAVE_STDINT_H 1
| #define HAVE_UNISTD_H 1
| #define HAVE_DLFCN_H 1
| #define LT_OBJDIR ".libs/"
| /* end confdefs.h.  */
| 
| /* Override any GCC internal prototype to avoid an error.
|    Use char because int might match the return type of a GCC
|    builtin and then its argument prototype would still apply.  */
| #ifdef __cplusplus
| extern "C"
| #endif
| char shl_load ();
| int
| main ()
| {
| return shl_load ();
|   ;
|   return 0;
| }
configure:12046: result: no
configure:12051: checking for dlopen
configure:12051: gcc -o conftest -g -O2   conftest.c  >&5
/tmp/ccEONujn.o: In function `main':
/home/sevar/workspace/android-spatialite/lib/src/main/jni/ndk-modules/geos/geos-3.7.2/conftest.c:56: undefined reference to `dlopen'
collect2: error: ld returned 1 exit status
configure:12051: $? = 1
configure: failed program was:
| /* confdefs.h */
| #define PACKAGE_NAME ""
| #define PACKAGE_TARNAME ""
| #define PACKAGE_VERSION ""
| #define PACKAGE_STRING ""
| #define PACKAGE_BUGREPORT ""
| #define PACKAGE_URL ""
| #define USE_UNSTABLE_GEOS_CPP_API 1
| #define STDC_HEADERS 1
| #define HAVE_SYS_TYPES_H 1
| #define HAVE_SYS_STAT_H 1
| #define HAVE_STDLIB_H 1
| #define HAVE_STRING_H 1
| #define HAVE_MEMORY_H 1
| #define HAVE_STRINGS_H 1
| #define HAVE_INTTYPES_H 1
| #define HAVE_STDINT_H 1
| #define HAVE_UNISTD_H 1
| #define HAVE_DLFCN_H 1
| #define LT_OBJDIR ".libs/"
| /* end confdefs.h.  */
| /* Define dlopen to an innocuous variant, in case <limits.h> declares dlopen.
|    For example, HP-UX 11i <limits.h> declares gettimeofday.  */
| #define dlopen innocuous_dlopen
| 
| /* System header to define __stub macros and hopefully few prototypes,
|     which can conflict with char dlopen (); below.
|     Prefer <limits.h> to <assert.h> if __STDC__ is defined, since
|     <limits.h> exists even on freestanding compilers.  */
| 
| #ifdef __STDC__
| # include <limits.h>
| #else
| # include <assert.h>
| #endif
| 
| #undef dlopen
| 
| /* Override any GCC internal prototype to avoid an error.
|    Use char because int might match the return type of a GCC
|    builtin and then its argument prototype would still apply.  */
| #ifdef __cplusplus
| extern "C"
| #endif
| char dlopen ();
| /* The GNU C library defines this for functions which it implements
|     to always fail with ENOSYS.  Some functions are actually named
|     something starting with __ and the normal name is an alias.  */
| #if defined __stub_dlopen || defined __stub___dlopen
| choke me
| #endif
| 
| int
| main ()
| {
| return dlopen ();
|   ;
|   return 0;
| }
configure:12051: result: no
configure:12055: checking for dlopen in -ldl
configure:12080: gcc -o conftest -g -O2   conftest.c -ldl   >&5
configure:12080: $? = 0
configure:12089: result: yes
configure:12208: checking whether a program can dlopen itself
configure:12309: result: cross
configure:12454: checking whether stripping libraries is possible
configure:12459: result: yes
configure:12494: checking if libtool supports shared libraries
configure:12496: result: no
configure:12499: checking whether to build shared libraries
configure:12524: result: no
configure:12527: checking whether to build static libraries
configure:12531: result: yes
configure:12583: checking for arm-linux-eabi-g++
configure:12613: result: no
configure:12583: checking for arm-linux-eabi-c++
configure:12613: result: no
configure:12583: checking for arm-linux-eabi-gpp
configure:12613: result: no
configure:12583: checking for arm-linux-eabi-aCC
configure:12613: result: no
configure:12583: checking for arm-linux-eabi-CC
configure:12613: result: no
configure:12583: checking for arm-linux-eabi-cxx
configure:12613: result: no
configure:12583: checking for arm-linux-eabi-cc++
configure:12613: result: no
configure:12583: checking for arm-linux-eabi-cl.exe
configure:12613: result: no
configure:12583: checking for arm-linux-eabi-FCC
configure:12613: result: no
configure:12583: checking for arm-linux-eabi-KCC
configure:12613: result: no
configure:12583: checking for arm-linux-eabi-RCC
configure:12613: result: no
configure:12583: checking for arm-linux-eabi-xlC_r
configure:12613: result: no
configure:12583: checking for arm-linux-eabi-xlC
configure:12613: result: no
configure:12627: checking for g++
configure:12643: found /usr/bin/g++
configure:12654: result: g++
configure:12681: checking for C++ compiler version
configure:12690: g++ --version >&5
g++ (Ubuntu 7.4.0-1ubuntu1~18.04.1) 7.4.0
Copyright (C) 2017 Free Software Foundation, Inc.
This is free software; see the source for copying conditions.  There is NO
warranty; not even for MERCHANTABILITY or FITNESS FOR A PARTICULAR PURPOSE.

configure:12701: $? = 0
configure:12690: g++ -v >&5
Using built-in specs.
COLLECT_GCC=g++
COLLECT_LTO_WRAPPER=/usr/lib/gcc/x86_64-linux-gnu/7/lto-wrapper
OFFLOAD_TARGET_NAMES=nvptx-none
OFFLOAD_TARGET_DEFAULT=1
Target: x86_64-linux-gnu
Configured with: ../src/configure -v --with-pkgversion='Ubuntu 7.4.0-1ubuntu1~18.04.1' --with-bugurl=file:///usr/share/doc/gcc-7/README.Bugs --enable-languages=c,ada,c++,go,brig,d,fortran,objc,obj-c++ --prefix=/usr --with-gcc-major-version-only --program-suffix=-7 --program-prefix=x86_64-linux-gnu- --enable-shared --enable-linker-build-id --libexecdir=/usr/lib --without-included-gettext --enable-threads=posix --libdir=/usr/lib --enable-nls --with-sysroot=/ --enable-clocale=gnu --enable-libstdcxx-debug --enable-libstdcxx-time=yes --with-default-libstdcxx-abi=new --enable-gnu-unique-object --disable-vtable-verify --enable-libmpx --enable-plugin --enable-default-pie --with-system-zlib --with-target-system-zlib --enable-objc-gc=auto --enable-multiarch --disable-werror --with-arch-32=i686 --with-abi=m64 --with-multilib-list=m32,m64,mx32 --enable-multilib --with-tune=generic --enable-offload-targets=nvptx-none --without-cuda-driver --enable-checking=release --build=x86_64-linux-gnu --host=x86_64-linux-gnu --target=x86_64-linux-gnu
Thread model: posix
gcc version 7.4.0 (Ubuntu 7.4.0-1ubuntu1~18.04.1) 
configure:12701: $? = 0
configure:12690: g++ -V >&5
g++: error: unrecognized command line option '-V'
g++: fatal error: no input files
compilation terminated.
configure:12701: $? = 1
configure:12690: g++ -qversion >&5
g++: error: unrecognized command line option '-qversion'; did you mean '--version'?
g++: fatal error: no input files
compilation terminated.
configure:12701: $? = 1
configure:12705: checking whether we are using the GNU C++ compiler
configure:12724: g++ -c   conftest.cpp >&5
configure:12724: $? = 0
configure:12733: result: yes
configure:12742: checking whether g++ accepts -g
configure:12762: g++ -c -g  conftest.cpp >&5
configure:12762: $? = 0
configure:12803: result: yes
configure:12828: checking dependency style of g++
configure:12939: result: gcc3
configure:12972: checking how to run the C++ preprocessor
configure:12999: g++ -E  conftest.cpp
configure:12999: $? = 0
configure:13013: g++ -E  conftest.cpp
conftest.cpp:22:10: fatal error: ac_nonexistent.h: No such file or directory
 #include <ac_nonexistent.h>
          ^~~~~~~~~~~~~~~~~~
compilation terminated.
configure:13013: $? = 1
configure: failed program was:
| /* confdefs.h */
| #define PACKAGE_NAME ""
| #define PACKAGE_TARNAME ""
| #define PACKAGE_VERSION ""
| #define PACKAGE_STRING ""
| #define PACKAGE_BUGREPORT ""
| #define PACKAGE_URL ""
| #define USE_UNSTABLE_GEOS_CPP_API 1
| #define STDC_HEADERS 1
| #define HAVE_SYS_TYPES_H 1
| #define HAVE_SYS_STAT_H 1
| #define HAVE_STDLIB_H 1
| #define HAVE_STRING_H 1
| #define HAVE_MEMORY_H 1
| #define HAVE_STRINGS_H 1
| #define HAVE_INTTYPES_H 1
| #define HAVE_STDINT_H 1
| #define HAVE_UNISTD_H 1
| #define HAVE_DLFCN_H 1
| #define LT_OBJDIR ".libs/"
| /* end confdefs.h.  */
| #include <ac_nonexistent.h>
configure:13038: result: g++ -E
configure:13058: g++ -E  conftest.cpp
configure:13058: $? = 0
configure:13072: g++ -E  conftest.cpp
conftest.cpp:22:10: fatal error: ac_nonexistent.h: No such file or directory
 #include <ac_nonexistent.h>
          ^~~~~~~~~~~~~~~~~~
compilation terminated.
configure:13072: $? = 1
configure: failed program was:
| /* confdefs.h */
| #define PACKAGE_NAME ""
| #define PACKAGE_TARNAME ""
| #define PACKAGE_VERSION ""
| #define PACKAGE_STRING ""
| #define PACKAGE_BUGREPORT ""
| #define PACKAGE_URL ""
| #define USE_UNSTABLE_GEOS_CPP_API 1
| #define STDC_HEADERS 1
| #define HAVE_SYS_TYPES_H 1
| #define HAVE_SYS_STAT_H 1
| #define HAVE_STDLIB_H 1
| #define HAVE_STRING_H 1
| #define HAVE_MEMORY_H 1
| #define HAVE_STRINGS_H 1
| #define HAVE_INTTYPES_H 1
| #define HAVE_STDINT_H 1
| #define HAVE_UNISTD_H 1
| #define HAVE_DLFCN_H 1
| #define LT_OBJDIR ".libs/"
| /* end confdefs.h.  */
| #include <ac_nonexistent.h>
configure:13234: checking for ld used by g++
configure:13301: result: /usr/bin/ld
configure:13308: checking if the linker (/usr/bin/ld) is GNU ld
configure:13323: result: yes
configure:13378: checking whether the g++ linker (/usr/bin/ld) supports shared libraries
configure:14451: result: no
configure:14487: g++ -c -g -O2  conftest.cpp >&5
configure:14490: $? = 0
configure:14971: checking for g++ option to produce PIC
configure:14978: result: -fPIC -DPIC
configure:14986: checking if g++ PIC flag -fPIC -DPIC works
configure:15004: g++ -c -g -O2  -fPIC -DPIC -DPIC conftest.cpp >&5
configure:15008: $? = 0
configure:15021: result: yes
configure:15044: checking if g++ static flag -static works
configure:15072: result: yes
configure:15084: checking if g++ supports -c -o file.o
configure:15105: g++ -c -g -O2  -o out/conftest2.o conftest.cpp >&5
configure:15109: $? = 0
configure:15131: result: yes
configure:15136: checking if g++ supports -c -o file.o
configure:15183: result: yes
configure:15213: checking whether the g++ linker (/usr/bin/ld) supports shared libraries
configure:15253: result: no
configure:15394: checking dynamic linker characteristics
configure:16139: result: no
configure:16204: checking how to hardcode library paths into programs
configure:16229: result: immediate
configure:16269: checking for library containing strerror
configure:16300: gcc -o conftest -g -O2   conftest.c  >&5
configure:16300: $? = 0
configure:16317: result: none required
configure:16326: checking whether make sets $(MAKE)
configure:16348: result: yes
configure:16361: checking for dirent.h that defines DIR
configure:16380: gcc -c -g -O2  conftest.c >&5
configure:16380: $? = 0
configure:16388: result: yes
configure:16401: checking for library containing opendir
configure:16432: gcc -o conftest -g -O2   conftest.c  >&5
configure:16432: $? = 0
configure:16449: result: none required
configure:16516: checking whether closedir returns void
configure:16550: result: yes
configure:16558: checking for working memcmp
configure:16611: result: no
configure:16622: checking for strftime
configure:16622: gcc -o conftest -g -O2   conftest.c  >&5
conftest.c:47:6: warning: conflicting types for built-in function 'strftime' [-Wbuiltin-declaration-mismatch]
 char strftime ();
      ^~~~~~~~
configure:16622: $? = 0
configure:16622: result: yes
configure:16677: checking for vprintf
configure:16677: gcc -o conftest -g -O2   conftest.c  >&5
conftest.c:48:6: warning: conflicting types for built-in function 'vprintf' [-Wbuiltin-declaration-mismatch]
 char vprintf ();
      ^~~~~~~
configure:16677: $? = 0
configure:16677: result: yes
configure:16683: checking for _doprnt
configure:16683: gcc -o conftest -g -O2   conftest.c  >&5
/tmp/ccryecve.o: In function `main':
/home/sevar/workspace/android-spatialite/lib/src/main/jni/ndk-modules/geos/geos-3.7.2/conftest.c:60: undefined reference to `_doprnt'
collect2: error: ld returned 1 exit status
configure:16683: $? = 1
configure: failed program was:
| /* confdefs.h */
| #define PACKAGE_NAME ""
| #define PACKAGE_TARNAME ""
| #define PACKAGE_VERSION ""
| #define PACKAGE_STRING ""
| #define PACKAGE_BUGREPORT ""
| #define PACKAGE_URL ""
| #define USE_UNSTABLE_GEOS_CPP_API 1
| #define STDC_HEADERS 1
| #define HAVE_SYS_TYPES_H 1
| #define HAVE_SYS_STAT_H 1
| #define HAVE_STDLIB_H 1
| #define HAVE_STRING_H 1
| #define HAVE_MEMORY_H 1
| #define HAVE_STRINGS_H 1
| #define HAVE_INTTYPES_H 1
| #define HAVE_STDINT_H 1
| #define HAVE_UNISTD_H 1
| #define HAVE_DLFCN_H 1
| #define LT_OBJDIR ".libs/"
| #define HAVE_DIRENT_H 1
| #define CLOSEDIR_VOID 1
| #define HAVE_STRFTIME 1
| #define HAVE_VPRINTF 1
| /* end confdefs.h.  */
| /* Define _doprnt to an innocuous variant, in case <limits.h> declares _doprnt.
|    For example, HP-UX 11i <limits.h> declares gettimeofday.  */
| #define _doprnt innocuous__doprnt
| 
| /* System header to define __stub macros and hopefully few prototypes,
|     which can conflict with char _doprnt (); below.
|     Prefer <limits.h> to <assert.h> if __STDC__ is defined, since
|     <limits.h> exists even on freestanding compilers.  */
| 
| #ifdef __STDC__
| # include <limits.h>
| #else
| # include <assert.h>
| #endif
| 
| #undef _doprnt
| 
| /* Override any GCC internal prototype to avoid an error.
|    Use char because int might match the return type of a GCC
|    builtin and then its argument prototype would still apply.  */
| #ifdef __cplusplus
| extern "C"
| #endif
| char _doprnt ();
| /* The GNU C library defines this for functions which it implements
|     to always fail with ENOSYS.  Some functions are actually named
|     something starting with __ and the normal name is an alias.  */
| #if defined __stub__doprnt || defined __stub____doprnt
| choke me
| #endif
| 
| int
| main ()
| {
| return _doprnt ();
|   ;
|   return 0;
| }
configure:16683: result: no
configure:16694: checking for size_t
configure:16694: gcc -c -g -O2  conftest.c >&5
configure:16694: $? = 0
configure:16694: gcc -c -g -O2  conftest.c >&5
conftest.c: In function 'main':
conftest.c:62:21: error: expected expression before ')' token
 if (sizeof ((size_t)))
                     ^
configure:16694: $? = 1
configure: failed program was:
| /* confdefs.h */
| #define PACKAGE_NAME ""
| #define PACKAGE_TARNAME ""
| #define PACKAGE_VERSION ""
| #define PACKAGE_STRING ""
| #define PACKAGE_BUGREPORT ""
| #define PACKAGE_URL ""
| #define USE_UNSTABLE_GEOS_CPP_API 1
| #define STDC_HEADERS 1
| #define HAVE_SYS_TYPES_H 1
| #define HAVE_SYS_STAT_H 1
| #define HAVE_STDLIB_H 1
| #define HAVE_STRING_H 1
| #define HAVE_MEMORY_H 1
| #define HAVE_STRINGS_H 1
| #define HAVE_INTTYPES_H 1
| #define HAVE_STDINT_H 1
| #define HAVE_UNISTD_H 1
| #define HAVE_DLFCN_H 1
| #define LT_OBJDIR ".libs/"
| #define HAVE_DIRENT_H 1
| #define CLOSEDIR_VOID 1
| #define HAVE_STRFTIME 1
| #define HAVE_VPRINTF 1
| /* end confdefs.h.  */
| #include <stdio.h>
| #ifdef HAVE_SYS_TYPES_H
| # include <sys/types.h>
| #endif
| #ifdef HAVE_SYS_STAT_H
| # include <sys/stat.h>
| #endif
| #ifdef STDC_HEADERS
| # include <stdlib.h>
| # include <stddef.h>
| #else
| # ifdef HAVE_STDLIB_H
| #  include <stdlib.h>
| # endif
| #endif
| #ifdef HAVE_STRING_H
| # if !defined STDC_HEADERS && defined HAVE_MEMORY_H
| #  include <memory.h>
| # endif
| # include <string.h>
| #endif
| #ifdef HAVE_STRINGS_H
| # include <strings.h>
| #endif
| #ifdef HAVE_INTTYPES_H
| # include <inttypes.h>
| #endif
| #ifdef HAVE_STDINT_H
| # include <stdint.h>
| #endif
| #ifdef HAVE_UNISTD_H
| # include <unistd.h>
| #endif
| int
| main ()
| {
| if (sizeof ((size_t)))
| 	    return 0;
|   ;
|   return 0;
| }
configure:16694: result: yes
configure:16707: checking for working alloca.h
configure:16724: gcc -o conftest -g -O2   conftest.c  >&5
configure:16724: $? = 0
configure:16732: result: yes
configure:16740: checking for alloca
configure:16777: gcc -o conftest -g -O2   conftest.c  >&5
configure:16777: $? = 0
configure:16785: result: yes
configure:16894: checking for dirent.h that defines DIR
configure:16921: result: yes
configure:16934: checking for library containing opendir
configure:16982: result: none required
configure:17049: checking for ANSI C header files
configure:17153: result: yes
configure:17163: checking for memory.h
configure:17163: result: yes
configure:17175: checking for unistd.h
configure:17175: result: yes
configure:17187: checking ieeefp.h usability
configure:17187: gcc -c -g -O2  conftest.c >&5
conftest.c:65:10: fatal error: ieeefp.h: No such file or directory
 #include <ieeefp.h>
          ^~~~~~~~~~
compilation terminated.
configure:17187: $? = 1
configure: failed program was:
| /* confdefs.h */
| #define PACKAGE_NAME ""
| #define PACKAGE_TARNAME ""
| #define PACKAGE_VERSION ""
| #define PACKAGE_STRING ""
| #define PACKAGE_BUGREPORT ""
| #define PACKAGE_URL ""
| #define USE_UNSTABLE_GEOS_CPP_API 1
| #define STDC_HEADERS 1
| #define HAVE_SYS_TYPES_H 1
| #define HAVE_SYS_STAT_H 1
| #define HAVE_STDLIB_H 1
| #define HAVE_STRING_H 1
| #define HAVE_MEMORY_H 1
| #define HAVE_STRINGS_H 1
| #define HAVE_INTTYPES_H 1
| #define HAVE_STDINT_H 1
| #define HAVE_UNISTD_H 1
| #define HAVE_DLFCN_H 1
| #define LT_OBJDIR ".libs/"
| #define HAVE_DIRENT_H 1
| #define CLOSEDIR_VOID 1
| #define HAVE_STRFTIME 1
| #define HAVE_VPRINTF 1
| #define HAVE_ALLOCA_H 1
| #define HAVE_ALLOCA 1
| #define HAVE_DIRENT_H 1
| #define STDC_HEADERS 1
| #define HAVE_MEMORY_H 1
| #define HAVE_UNISTD_H 1
| /* end confdefs.h.  */
| #include <stdio.h>
| #ifdef HAVE_SYS_TYPES_H
| # include <sys/types.h>
| #endif
| #ifdef HAVE_SYS_STAT_H
| # include <sys/stat.h>
| #endif
| #ifdef STDC_HEADERS
| # include <stdlib.h>
| # include <stddef.h>
| #else
| # ifdef HAVE_STDLIB_H
| #  include <stdlib.h>
| # endif
| #endif
| #ifdef HAVE_STRING_H
| # if !defined STDC_HEADERS && defined HAVE_MEMORY_H
| #  include <memory.h>
| # endif
| # include <string.h>
| #endif
| #ifdef HAVE_STRINGS_H
| # include <strings.h>
| #endif
| #ifdef HAVE_INTTYPES_H
| # include <inttypes.h>
| #endif
| #ifdef HAVE_STDINT_H
| # include <stdint.h>
| #endif
| #ifdef HAVE_UNISTD_H
| # include <unistd.h>
| #endif
| #include <ieeefp.h>
configure:17187: result: no
configure:17187: checking ieeefp.h presence
configure:17187: gcc -E  conftest.c
conftest.c:32:10: fatal error: ieeefp.h: No such file or directory
 #include <ieeefp.h>
          ^~~~~~~~~~
compilation terminated.
configure:17187: $? = 1
configure: failed program was:
| /* confdefs.h */
| #define PACKAGE_NAME ""
| #define PACKAGE_TARNAME ""
| #define PACKAGE_VERSION ""
| #define PACKAGE_STRING ""
| #define PACKAGE_BUGREPORT ""
| #define PACKAGE_URL ""
| #define USE_UNSTABLE_GEOS_CPP_API 1
| #define STDC_HEADERS 1
| #define HAVE_SYS_TYPES_H 1
| #define HAVE_SYS_STAT_H 1
| #define HAVE_STDLIB_H 1
| #define HAVE_STRING_H 1
| #define HAVE_MEMORY_H 1
| #define HAVE_STRINGS_H 1
| #define HAVE_INTTYPES_H 1
| #define HAVE_STDINT_H 1
| #define HAVE_UNISTD_H 1
| #define HAVE_DLFCN_H 1
| #define LT_OBJDIR ".libs/"
| #define HAVE_DIRENT_H 1
| #define CLOSEDIR_VOID 1
| #define HAVE_STRFTIME 1
| #define HAVE_VPRINTF 1
| #define HAVE_ALLOCA_H 1
| #define HAVE_ALLOCA 1
| #define HAVE_DIRENT_H 1
| #define STDC_HEADERS 1
| #define HAVE_MEMORY_H 1
| #define HAVE_UNISTD_H 1
| /* end confdefs.h.  */
| #include <ieeefp.h>
configure:17187: result: no
configure:17187: checking for ieeefp.h
configure:17187: result: no
configure:17199: checking sys/file.h usability
configure:17199: gcc -c -g -O2  conftest.c >&5
configure:17199: $? = 0
configure:17199: result: yes
configure:17199: checking sys/file.h presence
configure:17199: gcc -E  conftest.c
configure:17199: $? = 0
configure:17199: result: yes
configure:17199: checking for sys/file.h
configure:17199: result: yes
configure:17211: checking sys/time.h usability
configure:17211: gcc -c -g -O2  conftest.c >&5
configure:17211: $? = 0
configure:17211: result: yes
configure:17211: checking sys/time.h presence
configure:17211: gcc -E  conftest.c
configure:17211: $? = 0
configure:17211: result: yes
configure:17211: checking for sys/time.h
configure:17211: result: yes
configure:17224: checking for strchr
configure:17224: gcc -o conftest -g -O2   conftest.c  >&5
conftest.c:57:6: warning: conflicting types for built-in function 'strchr' [-Wbuiltin-declaration-mismatch]
 char strchr ();
      ^~~~~~
configure:17224: $? = 0
configure:17224: result: yes
configure:17224: checking for memcpy
configure:17224: gcc -o conftest -g -O2   conftest.c  >&5
conftest.c:58:6: warning: conflicting types for built-in function 'memcpy' [-Wbuiltin-declaration-mismatch]
 char memcpy ();
      ^~~~~~
configure:17224: $? = 0
configure:17224: result: yes
configure:17224: checking for gettimeofday
configure:17224: gcc -o conftest -g -O2   conftest.c  >&5
configure:17224: $? = 0
configure:17224: result: yes
configure:17233: checking whether stat file-mode macros are broken
configure:17260: gcc -c -g -O2  conftest.c >&5
configure:17260: $? = 0
configure:17267: result: no
configure:17275: checking whether struct tm is in sys/time.h or time.h
configure:17295: gcc -c -g -O2  conftest.c >&5
configure:17295: $? = 0
configure:17302: result: time.h
configure:17310: checking for size_t
configure:17310: result: yes
configure:17321: checking for an ANSI C-conforming const
configure:17387: gcc -c -g -O2  conftest.c >&5
configure:17387: $? = 0
configure:17394: result: yes
configure:17445: checking if requested to force inline functions
configure:17452: result: yes
configure:17459: checking if requested to enable assert macros
configure:17466: result: yes
configure:17470: checking if requested libstdc++ debug mode
configure:17477: result: no
configure:17489: checking whether g++ supports C++11 features by default
configure:17783: g++ -c -g -O2  conftest.cpp >&5
configure:17783: $? = 0
configure:17790: result: yes
configure:18149: checking whether C++ compiler accepts -Wsuggest-override -Werror
configure:18168: g++ -c -g -O2  -Wsuggest-override -Werror  conftest.cpp >&5
configure:18168: $? = 0
configure:18176: result: yes
configure:18184: checking whether C++ compiler accepts -Wmissing-override -Werror
configure:18203: g++ -c -g -O2  -Wmissing-override -Werror  conftest.cpp >&5
g++: error: unrecognized command line option '-Wmissing-override'; did you mean '-Wmissing-braces'?
configure:18203: $? = 1
configure: failed program was:
| /* confdefs.h */
| #define PACKAGE_NAME ""
| #define PACKAGE_TARNAME ""
| #define PACKAGE_VERSION ""
| #define PACKAGE_STRING ""
| #define PACKAGE_BUGREPORT ""
| #define PACKAGE_URL ""
| #define USE_UNSTABLE_GEOS_CPP_API 1
| #define STDC_HEADERS 1
| #define HAVE_SYS_TYPES_H 1
| #define HAVE_SYS_STAT_H 1
| #define HAVE_STDLIB_H 1
| #define HAVE_STRING_H 1
| #define HAVE_MEMORY_H 1
| #define HAVE_STRINGS_H 1
| #define HAVE_INTTYPES_H 1
| #define HAVE_STDINT_H 1
| #define HAVE_UNISTD_H 1
| #define HAVE_DLFCN_H 1
| #define LT_OBJDIR ".libs/"
| #define HAVE_DIRENT_H 1
| #define CLOSEDIR_VOID 1
| #define HAVE_STRFTIME 1
| #define HAVE_VPRINTF 1
| #define HAVE_ALLOCA_H 1
| #define HAVE_ALLOCA 1
| #define HAVE_DIRENT_H 1
| #define STDC_HEADERS 1
| #define HAVE_MEMORY_H 1
| #define HAVE_UNISTD_H 1
| #define HAVE_SYS_FILE_H 1
| #define HAVE_SYS_TIME_H 1
| #define HAVE_STRCHR 1
| #define HAVE_MEMCPY 1
| #define HAVE_GETTIMEOFDAY 1
| #define HAVE_CXX11 1
| /* end confdefs.h.  */
| 
| int
| main ()
| {
| 
|   ;
|   return 0;
| }
configure:18211: result: no
configure:18231: checking if g++ supports -pedantic
configure:18249: gcc -c -g -O2  -pedantic conftest.c >&5
configure:18253: $? = 0
configure:18266: result: yes
configure:18275: checking if g++ supports -Wall
configure:18293: gcc -c -g -O2  -Wall conftest.c >&5
configure:18297: $? = 0
configure:18310: result: yes
configure:18319: checking if g++ supports -Wno-long-long
configure:18337: gcc -c -g -O2  -Wno-long-long conftest.c >&5
configure:18341: $? = 0
configure:18354: result: yes
configure:18366: checking if g++ supports -ffloat-store
configure:18384: gcc -c -g -O2  -ffloat-store conftest.c >&5
configure:18388: $? = 0
configure:18401: result: yes
configure:18422: checking for finite
configure:18438: gcc -o conftest -g -O2   conftest.c  -lm >&5
configure:18438: $? = 0
configure:18447: result: yes
configure:18455: checking for isfinite
configure:18471: gcc -o conftest -g -O2   conftest.c  -lm >&5
configure:18471: $? = 0
configure:18480: result: yes
configure:18495: checking for isnan
configure:18511: g++ -o conftest -g -O2   conftest.cpp  -lm >&5
configure:18511: $? = 0
configure:18520: result: yes
configure:18538: checking whether int64_t is 64 bits
configure:18560: gcc -c -g -O2  conftest.c >&5
conftest.c: In function 'main':
conftest.c:45:41: error: 'int64_t' undeclared (first use in this function); did you mean '__int128_t'?
 static int test_array [1 - 2 * !(sizeof(int64_t) == 8)];
                                         ^~~~~~~
                                         __int128_t
conftest.c:45:41: note: each undeclared identifier is reported only once for each function it appears in
configure:18560: $? = 1
configure: failed program was:
| /* confdefs.h */
| #define PACKAGE_NAME ""
| #define PACKAGE_TARNAME ""
| #define PACKAGE_VERSION ""
| #define PACKAGE_STRING ""
| #define PACKAGE_BUGREPORT ""
| #define PACKAGE_URL ""
| #define USE_UNSTABLE_GEOS_CPP_API 1
| #define STDC_HEADERS 1
| #define HAVE_SYS_TYPES_H 1
| #define HAVE_SYS_STAT_H 1
| #define HAVE_STDLIB_H 1
| #define HAVE_STRING_H 1
| #define HAVE_MEMORY_H 1
| #define HAVE_STRINGS_H 1
| #define HAVE_INTTYPES_H 1
| #define HAVE_STDINT_H 1
| #define HAVE_UNISTD_H 1
| #define HAVE_DLFCN_H 1
| #define LT_OBJDIR ".libs/"
| #define HAVE_DIRENT_H 1
| #define CLOSEDIR_VOID 1
| #define HAVE_STRFTIME 1
| #define HAVE_VPRINTF 1
| #define HAVE_ALLOCA_H 1
| #define HAVE_ALLOCA 1
| #define HAVE_DIRENT_H 1
| #define STDC_HEADERS 1
| #define HAVE_MEMORY_H 1
| #define HAVE_UNISTD_H 1
| #define HAVE_SYS_FILE_H 1
| #define HAVE_SYS_TIME_H 1
| #define HAVE_STRCHR 1
| #define HAVE_MEMCPY 1
| #define HAVE_GETTIMEOFDAY 1
| #define HAVE_CXX11 1
| #define HAVE_FINITE 1
| #define HAVE_ISFINITE 1
| #define HAVE_ISNAN 1
| /* end confdefs.h.  */
| 
| int
| main ()
| {
| static int test_array [1 - 2 * !(sizeof(int64_t) == 8)];
| test_array [0] = 0;
| return test_array [0];
| 
|   ;
|   return 0;
| }
configure:18608: result: no
configure:18619: checking whether long long int is 64 bits
configure:18641: gcc -c -g -O2  conftest.c >&5
configure:18641: $? = 0
configure:18689: result: yes
configure:19390: checking OS-specific settings
configure:19555: checking that generated files are newer than configure
configure:19561: result: done
configure:19604: creating ./config.status

## ---------------------- ##
## Running config.status. ##
## ---------------------- ##

This file was extended by config.status, which was
generated by GNU Autoconf 2.69.  Invocation command line was

  CONFIG_FILES    = 
  CONFIG_HEADERS  = 
  CONFIG_LINKS    = 
  CONFIG_COMMANDS = 
  $ ./config.status 

on HAF

config.status:1330: creating Makefile
config.status:1330: creating capi/Makefile
config.status:1330: creating capi/geos_c.h
config.status:1330: creating doc/Doxyfile
config.status:1330: creating doc/Makefile
config.status:1330: creating macros/Makefile
config.status:1330: creating src/Makefile
config.status:1330: creating src/algorithm/Makefile
config.status:1330: creating src/algorithm/locate/Makefile
config.status:1330: creating src/algorithm/distance/Makefile
config.status:1330: creating src/geom/Makefile
config.status:1330: creating src/geom/prep/Makefile
config.status:1330: creating src/geom/util/Makefile
config.status:1330: creating src/geomgraph/Makefile
config.status:1330: creating src/geomgraph/index/Makefile
config.status:1330: creating include/Makefile
config.status:1330: creating include/geos/Makefile
config.status:1330: creating include/geos/algorithm/Makefile
config.status:1330: creating include/geos/algorithm/locate/Makefile
config.status:1330: creating include/geos/algorithm/distance/Makefile
config.status:1330: creating include/geos/geom/Makefile
config.status:1330: creating include/geos/geom/prep/Makefile
config.status:1330: creating include/geos/geom/util/Makefile
config.status:1330: creating include/geos/geomgraph/Makefile
config.status:1330: creating include/geos/geomgraph/index/Makefile
config.status:1330: creating include/geos/index/Makefile
config.status:1330: creating include/geos/index/bintree/Makefile
config.status:1330: creating include/geos/index/chain/Makefile
config.status:1330: creating include/geos/index/intervalrtree/Makefile
config.status:1330: creating include/geos/index/quadtree/Makefile
config.status:1330: creating include/geos/index/strtree/Makefile
config.status:1330: creating include/geos/index/sweepline/Makefile
config.status:1330: creating include/geos/io/Makefile
config.status:1330: creating include/geos/linearref/Makefile
config.status:1330: creating include/geos/noding/Makefile
config.status:1330: creating include/geos/noding/snapround/Makefile
config.status:1330: creating include/geos/operation/Makefile
config.status:1330: creating include/geos/operation/buffer/Makefile
config.status:1330: creating include/geos/operation/distance/Makefile
config.status:1330: creating include/geos/operation/intersection/Makefile
config.status:1330: creating include/geos/operation/linemerge/Makefile
config.status:1330: creating include/geos/operation/overlay/Makefile
config.status:1330: creating include/geos/operation/overlay/snap/Makefile
config.status:1330: creating include/geos/operation/polygonize/Makefile
config.status:1330: creating include/geos/operation/predicate/Makefile
config.status:1330: creating include/geos/operation/relate/Makefile
config.status:1330: creating include/geos/operation/sharedpaths/Makefile
config.status:1330: creating include/geos/operation/union/Makefile
config.status:1330: creating include/geos/operation/valid/Makefile
config.status:1330: creating include/geos/planargraph/Makefile
config.status:1330: creating include/geos/planargraph/algorithm/Makefile
config.status:1330: creating include/geos/precision/Makefile
config.status:1330: creating include/geos/simplify/Makefile
config.status:1330: creating include/geos/triangulate/Makefile
config.status:1330: creating include/geos/triangulate/quadedge/Makefile
config.status:1330: creating include/geos/util/Makefile
config.status:1330: creating include/geos/version.h
config.status:1330: creating src/index/Makefile
config.status:1330: creating src/index/bintree/Makefile
config.status:1330: creating src/index/chain/Makefile
config.status:1330: creating src/index/intervalrtree/Makefile
config.status:1330: creating src/index/quadtree/Makefile
config.status:1330: creating src/index/strtree/Makefile
config.status:1330: creating src/index/sweepline/Makefile
config.status:1330: creating src/io/Makefile
config.status:1330: creating src/linearref/Makefile
config.status:1330: creating src/noding/Makefile
config.status:1330: creating src/noding/snapround/Makefile
config.status:1330: creating src/operation/Makefile
config.status:1330: creating src/operation/buffer/Makefile
config.status:1330: creating src/operation/distance/Makefile
config.status:1330: creating src/operation/intersection/Makefile
config.status:1330: creating src/operation/linemerge/Makefile
config.status:1330: creating src/operation/overlay/Makefile
config.status:1330: creating src/operation/polygonize/Makefile
config.status:1330: creating src/operation/predicate/Makefile
config.status:1330: creating src/operation/relate/Makefile
config.status:1330: creating src/operation/sharedpaths/Makefile
config.status:1330: creating src/operation/union/Makefile
config.status:1330: creating src/operation/valid/Makefile
config.status:1330: creating src/planargraph/Makefile
config.status:1330: creating src/precision/Makefile
config.status:1330: creating src/simplify/Makefile
config.status:1330: creating src/triangulate/Makefile
config.status:1330: creating src/triangulate/quadedge/Makefile
config.status:1330: creating src/util/Makefile
config.status:1330: creating swig/geos.i
config.status:1330: creating swig/Makefile
config.status:1330: creating swig/python/Makefile
config.status:1330: creating swig/python/tests/Makefile
config.status:1330: creating swig/ruby/Makefile
config.status:1330: creating swig/ruby/test/Makefile
config.status:1330: creating tests/Makefile
config.status:1330: creating tests/bigtest/Makefile
config.status:1330: creating tests/unit/Makefile
config.status:1330: creating tests/perf/Makefile
config.status:1330: creating tests/perf/operation/Makefile
config.status:1330: creating tests/perf/operation/buffer/Makefile
config.status:1330: creating tests/perf/operation/predicate/Makefile
config.status:1330: creating tests/perf/capi/Makefile
config.status:1330: creating tests/xmltester/Makefile
config.status:1330: creating tests/geostest/Makefile
config.status:1330: creating tests/thread/Makefile
config.status:1330: creating tools/Makefile
config.status:1330: creating tools/geos-config
config.status:1330: creating include/config.h
config.status:1330: creating include/geos/platform.h
config.status:1559: executing depfiles commands
config.status:1636: cd capi       && sed -e '/# am--include-marker/d' Makefile         | make -f - am--depfiles
config.status:1641: $? = 0
config.status:1636: cd doc       && sed -e '/# am--include-marker/d' Makefile         | make -f - am--depfiles
config.status:1641: $? = 0
config.status:1636: cd src       && sed -e '/# am--include-marker/d' Makefile         | make -f - am--depfiles
config.status:1641: $? = 0
config.status:1636: cd src/algorithm       && sed -e '/# am--include-marker/d' Makefile         | make -f - am--depfiles
config.status:1641: $? = 0
config.status:1636: cd src/algorithm/locate       && sed -e '/# am--include-marker/d' Makefile         | make -f - am--depfiles
config.status:1641: $? = 0
config.status:1636: cd src/algorithm/distance       && sed -e '/# am--include-marker/d' Makefile         | make -f - am--depfiles
config.status:1641: $? = 0
config.status:1636: cd src/geom       && sed -e '/# am--include-marker/d' Makefile         | make -f - am--depfiles
config.status:1641: $? = 0
config.status:1636: cd src/geom/prep       && sed -e '/# am--include-marker/d' Makefile         | make -f - am--depfiles
config.status:1641: $? = 0
config.status:1636: cd src/geom/util       && sed -e '/# am--include-marker/d' Makefile         | make -f - am--depfiles
config.status:1641: $? = 0
config.status:1636: cd src/geomgraph       && sed -e '/# am--include-marker/d' Makefile         | make -f - am--depfiles
config.status:1641: $? = 0
config.status:1636: cd src/geomgraph/index       && sed -e '/# am--include-marker/d' Makefile         | make -f - am--depfiles
config.status:1641: $? = 0
config.status:1636: cd src/index/bintree       && sed -e '/# am--include-marker/d' Makefile         | make -f - am--depfiles
config.status:1641: $? = 0
config.status:1636: cd src/index/chain       && sed -e '/# am--include-marker/d' Makefile         | make -f - am--depfiles
config.status:1641: $? = 0
config.status:1636: cd src/index/intervalrtree       && sed -e '/# am--include-marker/d' Makefile         | make -f - am--depfiles
config.status:1641: $? = 0
config.status:1636: cd src/index/quadtree       && sed -e '/# am--include-marker/d' Makefile         | make -f - am--depfiles
config.status:1641: $? = 0
config.status:1636: cd src/index/strtree       && sed -e '/# am--include-marker/d' Makefile         | make -f - am--depfiles
config.status:1641: $? = 0
config.status:1636: cd src/index/sweepline       && sed -e '/# am--include-marker/d' Makefile         | make -f - am--depfiles
config.status:1641: $? = 0
config.status:1636: cd src/io       && sed -e '/# am--include-marker/d' Makefile         | make -f - am--depfiles
config.status:1641: $? = 0
config.status:1636: cd src/linearref       && sed -e '/# am--include-marker/d' Makefile         | make -f - am--depfiles
config.status:1641: $? = 0
config.status:1636: cd src/noding       && sed -e '/# am--include-marker/d' Makefile         | make -f - am--depfiles
config.status:1641: $? = 0
config.status:1636: cd src/noding/snapround       && sed -e '/# am--include-marker/d' Makefile         | make -f - am--depfiles
config.status:1641: $? = 0
config.status:1636: cd src/operation       && sed -e '/# am--include-marker/d' Makefile         | make -f - am--depfiles
config.status:1641: $? = 0
config.status:1636: cd src/operation/buffer       && sed -e '/# am--include-marker/d' Makefile         | make -f - am--depfiles
config.status:1641: $? = 0
config.status:1636: cd src/operation/distance       && sed -e '/# am--include-marker/d' Makefile         | make -f - am--depfiles
config.status:1641: $? = 0
config.status:1636: cd src/operation/intersection       && sed -e '/# am--include-marker/d' Makefile         | make -f - am--depfiles
config.status:1641: $? = 0
config.status:1636: cd src/operation/linemerge       && sed -e '/# am--include-marker/d' Makefile         | make -f - am--depfiles
config.status:1641: $? = 0
config.status:1636: cd src/operation/overlay       && sed -e '/# am--include-marker/d' Makefile         | make -f - am--depfiles
config.status:1641: $? = 0
config.status:1636: cd src/operation/polygonize       && sed -e '/# am--include-marker/d' Makefile         | make -f - am--depfiles
config.status:1641: $? = 0
config.status:1636: cd src/operation/predicate       && sed -e '/# am--include-marker/d' Makefile         | make -f - am--depfiles
config.status:1641: $? = 0
config.status:1636: cd src/operation/relate       && sed -e '/# am--include-marker/d' Makefile         | make -f - am--depfiles
config.status:1641: $? = 0
config.status:1636: cd src/operation/sharedpaths       && sed -e '/# am--include-marker/d' Makefile         | make -f - am--depfiles
config.status:1641: $? = 0
config.status:1636: cd src/operation/union       && sed -e '/# am--include-marker/d' Makefile         | make -f - am--depfiles
config.status:1641: $? = 0
config.status:1636: cd src/operation/valid       && sed -e '/# am--include-marker/d' Makefile         | make -f - am--depfiles
config.status:1641: $? = 0
config.status:1636: cd src/planargraph       && sed -e '/# am--include-marker/d' Makefile         | make -f - am--depfiles
config.status:1641: $? = 0
config.status:1636: cd src/precision       && sed -e '/# am--include-marker/d' Makefile         | make -f - am--depfiles
config.status:1641: $? = 0
config.status:1636: cd src/simplify       && sed -e '/# am--include-marker/d' Makefile         | make -f - am--depfiles
config.status:1641: $? = 0
config.status:1636: cd src/triangulate       && sed -e '/# am--include-marker/d' Makefile         | make -f - am--depfiles
config.status:1641: $? = 0
config.status:1636: cd src/triangulate/quadedge       && sed -e '/# am--include-marker/d' Makefile         | make -f - am--depfiles
config.status:1641: $? = 0
config.status:1636: cd src/util       && sed -e '/# am--include-marker/d' Makefile         | make -f - am--depfiles
config.status:1641: $? = 0
config.status:1636: cd swig/python       && sed -e '/# am--include-marker/d' Makefile         | make -f - am--depfiles
config.status:1641: $? = 0
config.status:1636: cd swig/ruby       && sed -e '/# am--include-marker/d' Makefile         | make -f - am--depfiles
config.status:1641: $? = 0
config.status:1636: cd tests/bigtest       && sed -e '/# am--include-marker/d' Makefile         | make -f - am--depfiles
config.status:1641: $? = 0
config.status:1636: cd tests/unit       && sed -e '/# am--include-marker/d' Makefile         | make -f - am--depfiles
config.status:1641: $? = 0
config.status:1636: cd tests/perf       && sed -e '/# am--include-marker/d' Makefile         | make -f - am--depfiles
config.status:1641: $? = 0
config.status:1636: cd tests/perf/operation/buffer       && sed -e '/# am--include-marker/d' Makefile         | make -f - am--depfiles
config.status:1641: $? = 0
config.status:1636: cd tests/perf/operation/predicate       && sed -e '/# am--include-marker/d' Makefile         | make -f - am--depfiles
config.status:1641: $? = 0
config.status:1636: cd tests/perf/capi       && sed -e '/# am--include-marker/d' Makefile         | make -f - am--depfiles
config.status:1641: $? = 0
config.status:1636: cd tests/xmltester       && sed -e '/# am--include-marker/d' Makefile         | make -f - am--depfiles
config.status:1641: $? = 0
config.status:1636: cd tests/geostest       && sed -e '/# am--include-marker/d' Makefile         | make -f - am--depfiles
config.status:1641: $? = 0
config.status:1636: cd tests/thread       && sed -e '/# am--include-marker/d' Makefile         | make -f - am--depfiles
config.status:1641: $? = 0
config.status:1559: executing libtool commands

## ---------------- ##
## Cache variables. ##
## ---------------- ##

ac_cv_build=x86_64-pc-linux-gnu
ac_cv_c_compiler_gnu=yes
ac_cv_c_const=yes
ac_cv_cxx_compiler_gnu=yes
ac_cv_env_CCC_set=
ac_cv_env_CCC_value=
ac_cv_env_CC_set=
ac_cv_env_CC_value=
ac_cv_env_CFLAGS_set=
ac_cv_env_CFLAGS_value=
ac_cv_env_CPPFLAGS_set=
ac_cv_env_CPPFLAGS_value=
ac_cv_env_CPP_set=
ac_cv_env_CPP_value=
ac_cv_env_CXXCPP_set=
ac_cv_env_CXXCPP_value=
ac_cv_env_CXXFLAGS_set=
ac_cv_env_CXXFLAGS_value=
ac_cv_env_CXX_set=
ac_cv_env_CXX_value=
ac_cv_env_LDFLAGS_set=
ac_cv_env_LDFLAGS_value=
ac_cv_env_LIBS_set=
ac_cv_env_LIBS_value=
ac_cv_env_LT_SYS_LIBRARY_PATH_set=
ac_cv_env_LT_SYS_LIBRARY_PATH_value=
ac_cv_env_PYTHON_set=
ac_cv_env_PYTHON_value=
ac_cv_env_build_alias_set=set
ac_cv_env_build_alias_value=x86_64-pc-linux-gnu
ac_cv_env_host_alias_set=set
ac_cv_env_host_alias_value=arm-linux-eabi
ac_cv_env_target_alias_set=
ac_cv_env_target_alias_value=
ac_cv_finite=yes
ac_cv_func__doprnt=no
ac_cv_func_alloca_works=yes
ac_cv_func_closedir_void=yes
ac_cv_func_dlopen=no
ac_cv_func_gettimeofday=yes
ac_cv_func_memcmp_working=no
ac_cv_func_memcpy=yes
ac_cv_func_shl_load=no
ac_cv_func_strchr=yes
ac_cv_func_strftime=yes
ac_cv_func_vprintf=yes
ac_cv_header_dirent_dirent_h=yes
ac_cv_header_dlfcn_h=yes
ac_cv_header_ieeefp_h=no
ac_cv_header_inttypes_h=yes
ac_cv_header_memory_h=yes
ac_cv_header_stat_broken=no
ac_cv_header_stdc=yes
ac_cv_header_stdint_h=yes
ac_cv_header_stdlib_h=yes
ac_cv_header_string_h=yes
ac_cv_header_strings_h=yes
ac_cv_header_sys_file_h=yes
ac_cv_header_sys_stat_h=yes
ac_cv_header_sys_time_h=yes
ac_cv_header_sys_types_h=yes
ac_cv_header_unistd_h=yes
ac_cv_host=arm-linux-eabi
ac_cv_isfinite=yes
ac_cv_isnan=yes
ac_cv_lib_dl_dlopen=yes
ac_cv_lib_dld_shl_load=no
ac_cv_objext=o
ac_cv_path_EGREP='/bin/grep -E'
ac_cv_path_FGREP='/bin/grep -F'
ac_cv_path_GREP=/bin/grep
ac_cv_path_SED=/bin/sed
ac_cv_path_install='/usr/bin/install -c'
ac_cv_path_lt_DD=/bin/dd
ac_cv_path_mkdir=/bin/mkdir
ac_cv_prog_AWK=mawk
ac_cv_prog_CPP='gcc -E'
ac_cv_prog_CXXCPP='g++ -E'
ac_cv_prog_DLLTOOL=dlltool
ac_cv_prog_OBJDUMP=objdump
ac_cv_prog_STRIP=strip
ac_cv_prog_ac_ct_AR=ar
ac_cv_prog_ac_ct_CC=gcc
ac_cv_prog_ac_ct_CXX=g++
ac_cv_prog_ac_ct_DUMPBIN='link -dump'
ac_cv_prog_ac_ct_MANIFEST_TOOL=mt
ac_cv_prog_ac_ct_RANLIB=ranlib
ac_cv_prog_ac_ct_STRIP=strip
ac_cv_prog_cc_c89=
ac_cv_prog_cc_g=yes
ac_cv_prog_cxx_g=yes
ac_cv_prog_make_make_set=yes
ac_cv_search_opendir='none required'
ac_cv_search_strerror='none required'
ac_cv_struct_tm=time.h
ac_cv_target=arm-linux-eabi
ac_cv_type_size_t=yes
ac_cv_working_alloca_h=yes
am_cv_CC_dependencies_compiler_type=gcc3
am_cv_CXX_dependencies_compiler_type=gcc3
am_cv_make_support_nested_variables=yes
am_cv_prog_cc_c_o=yes
ax_cv_check_cxxflags___Wmissing_override__Werror=no
ax_cv_check_cxxflags___Wsuggest_override__Werror=yes
ax_cv_cxx_compile_cxx11=yes
dummy_cv_ffloat_store=yes
dummy_cv_pedantic=yes
dummy_cv_wall=yes
dummy_cv_wno_long_long=yes
lt_cv_ar_at_file=@
lt_cv_archive_cmds_need_lc=no
lt_cv_deplibs_check_method=unknown
lt_cv_dlopen=dlopen
lt_cv_dlopen_libs=-ldl
lt_cv_dlopen_self=cross
lt_cv_file_magic_cmd='$MAGIC_CMD'
lt_cv_file_magic_test_file=
lt_cv_ld_reload_flag=-r
lt_cv_nm_interface='BSD nm'
lt_cv_objdir=.libs
lt_cv_path_LD=/usr/bin/ld
lt_cv_path_LDCXX=/usr/bin/ld
lt_cv_path_NM=no
lt_cv_path_mainfest_tool=no
lt_cv_prog_compiler_c_o=yes
lt_cv_prog_compiler_c_o_CXX=yes
lt_cv_prog_compiler_pic='-fPIC -DPIC'
lt_cv_prog_compiler_pic_CXX='-fPIC -DPIC'
lt_cv_prog_compiler_pic_works=yes
lt_cv_prog_compiler_pic_works_CXX=yes
lt_cv_prog_compiler_rtti_exceptions=no
lt_cv_prog_compiler_static_works=yes
lt_cv_prog_compiler_static_works_CXX=yes
lt_cv_prog_gnu_ld=yes
lt_cv_prog_gnu_ldcxx=yes
lt_cv_sharedlib_from_linklib_cmd='printf %s\n'
lt_cv_sys_global_symbol_pipe='sed -n -e '\''s/^.*[	 ]\([ABCDGIRSTW][ABCDGIRSTW]*\)[	 ][	 ]*\([_A-Za-z][_A-Za-z0-9]*\)$/\1 \2 \2/p'\'' | sed '\''/ __gnu_lto/d'\'''
lt_cv_sys_global_symbol_to_c_name_address='sed -n -e '\''s/^: \(.*\) .*$/  {"\1", (void *) 0},/p'\'' -e '\''s/^[ABCDGIRSTW][ABCDGIRSTW]* .* \(.*\)$/  {"\1", (void *) \&\1},/p'\'''
lt_cv_sys_global_symbol_to_c_name_address_lib_prefix='sed -n -e '\''s/^: \(.*\) .*$/  {"\1", (void *) 0},/p'\'' -e '\''s/^[ABCDGIRSTW][ABCDGIRSTW]* .* \(lib.*\)$/  {"\1", (void *) \&\1},/p'\'' -e '\''s/^[ABCDGIRSTW][ABCDGIRSTW]* .* \(.*\)$/  {"lib\1", (void *) \&\1},/p'\'''
lt_cv_sys_global_symbol_to_cdecl='sed -n -e '\''s/^T .* \(.*\)$/extern int \1();/p'\'' -e '\''s/^[ABCDGIRSTW][ABCDGIRSTW]* .* \(.*\)$/extern char \1;/p'\'''
lt_cv_sys_global_symbol_to_import=
lt_cv_sys_max_cmd_len=1572864
lt_cv_to_host_file_cmd=func_convert_file_noop
lt_cv_to_tool_file_cmd=func_convert_file_noop
lt_cv_truncate_bin='/bin/dd bs=4096 count=1'
pgac_cv_type_int64_t_64=no
pgac_cv_type_long_long_int_64=yes

## ----------------- ##
## Output variables. ##
## ----------------- ##

ACLOCAL='${SHELL} /home/sevar/workspace/android-spatialite/lib/src/main/jni/ndk-modules/geos/geos-3.7.2/missing aclocal-1.16'
ALLOCA=''
AMDEPBACKSLASH='\'
AMDEP_FALSE='#'
AMDEP_TRUE=''
AMTAR='$${TAR-tar}'
AM_BACKSLASH='\'
AM_CFLAGS='  -Wsuggest-override -pedantic -Wall -Wno-long-long  -ffloat-store -DUSE_UNSTABLE_GEOS_CPP_API'
AM_CXXFLAGS=' -DGEOS_INLINE  -Wsuggest-override -pedantic -Wall -Wno-long-long  -ffloat-store -DUSE_UNSTABLE_GEOS_CPP_API'
AM_DEFAULT_V='$(AM_DEFAULT_VERBOSITY)'
AM_DEFAULT_VERBOSITY='1'
AM_V='$(V)'
AR='ar'
AS='as'
AUTOCONF='${SHELL} /home/sevar/workspace/android-spatialite/lib/src/main/jni/ndk-modules/geos/geos-3.7.2/missing autoconf'
AUTOHEADER='${SHELL} /home/sevar/workspace/android-spatialite/lib/src/main/jni/ndk-modules/geos/geos-3.7.2/missing autoheader'
AUTOMAKE='${SHELL} /home/sevar/workspace/android-spatialite/lib/src/main/jni/ndk-modules/geos/geos-3.7.2/missing automake-1.16'
AWK='mawk'
CAPI_INTERFACE_AGE='11'
CAPI_INTERFACE_CURRENT='12'
CAPI_INTERFACE_REVISION='2'
CAPI_VERSION='1.11.2'
CAPI_VERSION_MAJOR='1'
CAPI_VERSION_MINOR='11'
CAPI_VERSION_PATCH='2'
CC='gcc'
CCDEPMODE='depmode=gcc3'
CFLAGS='-g -O2'
CPP='gcc -E'
CPPFLAGS=''
CXX='g++'
CXXCPP='g++ -E'
CXXDEPMODE='depmode=gcc3'
CXXFLAGS='-g -O2'
CYGPATH_W='echo'
DEFS='-DHAVE_CONFIG_H'
DEPDIR='.deps'
DLLTOOL='dlltool'
DSYMUTIL=''
DUMPBIN=':'
ECHO_C=''
ECHO_N='-n'
ECHO_T=''
EGREP='/bin/grep -E'
ENABLE_PYTHON_FALSE=''
ENABLE_PYTHON_TRUE='#'
ENABLE_RUBY_FALSE=''
ENABLE_RUBY_TRUE='#'
ENABLE_SWIG_FALSE=''
ENABLE_SWIG_TRUE='#'
EXEEXT=''
FGREP='/bin/grep -F'
GREP='/bin/grep'
HAVE_CXX11='1'
INLINE_FLAGS='-DGEOS_INLINE'
INSTALL_DATA='${INSTALL} -m 644'
INSTALL_PROGRAM='${INSTALL}'
INSTALL_SCRIPT='${INSTALL}'
INSTALL_STRIP_PROGRAM='$(install_sh) -c -s'
INTERFACE_AGE=''
INTERFACE_CURRENT=''
INTERFACE_REVISION=''
JTS_PORT='1.13.0'
LD='/usr/bin/ld'
LDFLAGS=''
LIBOBJS=' ${LIBOBJDIR}memcmp$U.o'
LIBS=''
LIBTOOL='$(SHELL) $(top_builddir)/libtool'
LIPO=''
LN_S='ln -s'
LTLIBOBJS=' ${LIBOBJDIR}memcmp$U.lo'
LT_SYS_LIBRARY_PATH=''
MAINT='#'
MAINTAINER_MODE_FALSE=''
MAINTAINER_MODE_TRUE='#'
MAKEINFO='${SHELL} /home/sevar/workspace/android-spatialite/lib/src/main/jni/ndk-modules/geos/geos-3.7.2/missing makeinfo'
MANIFEST_TOOL=':'
MKDIR_P='/bin/mkdir -p'
NM='nm'
NMEDIT=''
OBJDUMP='objdump'
OBJEXT='o'
OTOOL64=''
OTOOL=''
PACKAGE='geos'
PACKAGE_BUGREPORT=''
PACKAGE_NAME=''
PACKAGE_STRING=''
PACKAGE_TARNAME=''
PACKAGE_URL=''
PACKAGE_VERSION=''
PATH_SEPARATOR=':'
PYTHON=''
PYTHON_CPPFLAGS=''
PYTHON_EXEC_PREFIX=''
PYTHON_EXTRA_LIBS=''
PYTHON_LDFLAGS=''
PYTHON_PLATFORM=''
PYTHON_PREFIX=''
PYTHON_SITE_PKG=''
PYTHON_VERSION=''
RANLIB='ranlib'
RUBY=''
RUBY_ARCH_INCLUDE_DIR=''
RUBY_ARCH_LIB_DIR=''
RUBY_BIN_DIR=''
RUBY_EXTENSION_DIR=''
RUBY_INCLUDE_DIR=''
RUBY_LIB_DIR=''
RUBY_SHARED_LIB=''
RUBY_SITE_ARCH=''
RUBY_SO_NAME=''
RUBY_VERSION=''
SED='/bin/sed'
SET_MAKE=''
SHELL='/bin/bash'
STRIP='strip'
SWIG=''
SWIG_LIB=''
SWIG_PYTHON_CPPFLAGS=''
SWIG_PYTHON_OPT=''
VERSION='3.7.2'
VERSION_MAJOR='3'
VERSION_MINOR='7'
VERSION_PATCH='2'
VERSION_RELEASE='3.7.2'
ac_ct_AR='ar'
ac_ct_CC='gcc'
ac_ct_CXX='g++'
ac_ct_DUMPBIN='link -dump'
am__EXEEXT_FALSE=''
am__EXEEXT_TRUE='#'
am__fastdepCC_FALSE='#'
am__fastdepCC_TRUE=''
am__fastdepCXX_FALSE='#'
am__fastdepCXX_TRUE=''
am__include='include'
am__isrc=''
am__leading_dot='.'
am__nodep='_no'
am__quote=''
am__tar='$${TAR-tar} chof - "$$tardir"'
am__untar='$${TAR-tar} xf -'
bindir='${exec_prefix}/bin'
build='x86_64-pc-linux-gnu'
build_alias='x86_64-pc-linux-gnu'
build_cpu='x86_64'
build_os='linux-gnu'
build_vendor='pc'
datadir='${datarootdir}'
datarootdir='${prefix}/share'
docdir='${datarootdir}/doc/${PACKAGE}'
dvidir='${docdir}'
exec_prefix='${prefix}'
host='arm-linux-eabi'
host_alias='arm-linux-eabi'
host_cpu='arm'
host_os='eabi'
host_vendor='linux'
htmldir='${docdir}'
includedir='${prefix}/include'
infodir='${datarootdir}/info'
install_sh='${SHELL} /home/sevar/workspace/android-spatialite/lib/src/main/jni/ndk-modules/geos/geos-3.7.2/install-sh'
libdir='${exec_prefix}/lib'
libexecdir='${exec_prefix}/libexec'
localedir='${datarootdir}/locale'
localstatedir='${prefix}/var'
mandir='${datarootdir}/man'
mkdir_p='$(MKDIR_P)'
oldincludedir='/usr/include'
pdfdir='${docdir}'
pkgpyexecdir=''
pkgpythondir=''
prefix='/usr/local'
program_transform_name='s,x,x,'
psdir='${docdir}'
pyexecdir=''
pythondir=''
sbindir='${exec_prefix}/sbin'
sharedstatedir='${prefix}/com'
sysconfdir='${prefix}/etc'
target='arm-linux-eabi'
target_alias=''
target_cpu='arm'
target_os='eabi'
target_vendor='linux'

## ----------- ##
## confdefs.h. ##
## ----------- ##

/* confdefs.h */
#define PACKAGE_NAME ""
#define PACKAGE_TARNAME ""
#define PACKAGE_VERSION ""
#define PACKAGE_STRING ""
#define PACKAGE_BUGREPORT ""
#define PACKAGE_URL ""
#define USE_UNSTABLE_GEOS_CPP_API 1
#define STDC_HEADERS 1
#define HAVE_SYS_TYPES_H 1
#define HAVE_SYS_STAT_H 1
#define HAVE_STDLIB_H 1
#define HAVE_STRING_H 1
#define HAVE_MEMORY_H 1
#define HAVE_STRINGS_H 1
#define HAVE_INTTYPES_H 1
#define HAVE_STDINT_H 1
#define HAVE_UNISTD_H 1
#define HAVE_DLFCN_H 1
#define LT_OBJDIR ".libs/"
#define HAVE_DIRENT_H 1
#define CLOSEDIR_VOID 1
#define HAVE_STRFTIME 1
#define HAVE_VPRINTF 1
#define HAVE_ALLOCA_H 1
#define HAVE_ALLOCA 1
#define HAVE_DIRENT_H 1
#define STDC_HEADERS 1
#define HAVE_MEMORY_H 1
#define HAVE_UNISTD_H 1
#define HAVE_SYS_FILE_H 1
#define HAVE_SYS_TIME_H 1
#define HAVE_STRCHR 1
#define HAVE_MEMCPY 1
#define HAVE_GETTIMEOFDAY 1
#define HAVE_CXX11 1
#define HAVE_FINITE 1
#define HAVE_ISFINITE 1
#define HAVE_ISNAN 1
#define HAVE_LONG_LONG_INT_64 1

configure: exit 0
